TN:
SF:/home/valentin/Documents/MTR-Design/github/mtr-datepicker/scripts/demo.js
FN:2,(anonymous_1)
FN:6,(anonymous_2)
FN:13,(anonymous_3)
FN:29,datepickerChange
FN:42,initCustomizeFuture
FN:45,(anonymous_6)
FN:59,initCustomizeSmartAmPm
FN:62,(anonymous_8)
FN:69,initCustomizeMinutes
FN:81,initCustomizeMonths
FN:93,initCustomizeYears
FN:105,customizeMinMaxStep
FN:106,(anonymous_13)
FN:110,(anonymous_14)
FN:114,(anonymous_15)
FN:118,(anonymous_16)
FN:122,eventListenerFunc
FN:144,(anonymous_18)
FN:146,getCoords
FN:164,setSidebar
FN:179,resetSidebar
FN:188,setSidebarStyles
FN:199,(anonymous_23)
FN:203,(anonymous_24)
FNF:24
FNH:6
FNDA:1,(anonymous_1)
FNDA:0,(anonymous_2)
FNDA:0,(anonymous_3)
FNDA:0,datepickerChange
FNDA:0,initCustomizeFuture
FNDA:0,(anonymous_6)
FNDA:0,initCustomizeSmartAmPm
FNDA:0,(anonymous_8)
FNDA:0,initCustomizeMinutes
FNDA:0,initCustomizeMonths
FNDA:0,initCustomizeYears
FNDA:0,customizeMinMaxStep
FNDA:0,(anonymous_13)
FNDA:0,(anonymous_14)
FNDA:0,(anonymous_15)
FNDA:0,(anonymous_16)
FNDA:0,eventListenerFunc
FNDA:1,(anonymous_18)
FNDA:0,getCoords
FNDA:11,setSidebar
FNDA:11,resetSidebar
FNDA:11,setSidebarStyles
FNDA:10,(anonymous_23)
FNDA:0,(anonymous_24)
DA:2,1
DA:4,1
DA:6,1
DA:7,0
DA:8,0
DA:10,0
DA:11,0
DA:13,0
DA:14,0
DA:17,0
DA:18,0
DA:19,0
DA:20,0
DA:21,0
DA:23,0
DA:29,1
DA:30,0
DA:39,0
DA:42,1
DA:43,0
DA:45,0
DA:46,0
DA:47,0
DA:48,0
DA:49,0
DA:52,0
DA:55,0
DA:59,1
DA:60,0
DA:62,0
DA:63,0
DA:64,0
DA:69,1
DA:71,0
DA:78,0
DA:81,1
DA:83,0
DA:90,0
DA:93,1
DA:95,0
DA:102,0
DA:105,1
DA:106,0
DA:107,0
DA:110,0
DA:111,0
DA:114,0
DA:115,0
DA:118,0
DA:119,0
DA:122,1
DA:123,0
DA:124,0
DA:131,0
DA:134,0
DA:138,1
DA:144,1
DA:146,1
DA:147,0
DA:149,0
DA:150,0
DA:152,0
DA:153,0
DA:155,0
DA:156,0
DA:158,0
DA:159,0
DA:161,0
DA:164,1
DA:165,11
DA:166,11
DA:167,11
DA:168,0
DA:170,0
DA:179,1
DA:180,11
DA:188,1
DA:189,11
DA:191,11
DA:193,11
DA:194,11
DA:197,1
DA:199,1
DA:200,10
DA:203,1
DA:204,0
DA:207,0
LF:87
LH:29
BRDA:47,1,0,0
BRDA:47,1,1,0
BRDA:123,2,0,0
BRDA:123,2,1,0
BRDA:152,3,0,0
BRDA:152,3,1,0
BRDA:152,3,2,0
BRDA:153,4,0,0
BRDA:153,4,1,0
BRDA:153,4,2,0
BRDA:155,5,0,0
BRDA:155,5,1,0
BRDA:155,5,2,0
BRDA:156,6,0,0
BRDA:156,6,1,0
BRDA:156,6,2,0
BRDA:167,7,0,0
BRDA:167,7,1,11
BRDA:167,8,0,11
BRDA:167,8,1,0
BRF:20
BRH:2
end_of_record
TN:
SF:/home/valentin/Documents/MTR-Design/github/mtr-datepicker/scripts/mtr-datepicker.js
FN:9,MtrDatepicker
FN:133,(anonymous_2)
FN:159,(anonymous_3)
FN:193,(anonymous_4)
FN:243,(anonymous_5)
FN:247,(anonymous_6)
FN:267,(anonymous_7)
FN:354,(anonymous_8)
FN:385,createUpArrow
FN:391,(anonymous_10)
FN:401,(anonymous_11)
FN:445,createDownArrow
FN:450,(anonymous_13)
FN:460,(anonymous_14)
FN:504,createInputValue
FN:512,(anonymous_16)
FN:516,(anonymous_17)
FN:520,blurEvent
FN:576,(anonymous_19)
FN:619,(anonymous_20)
FN:655,createValues
FN:669,(anonymous_22)
FN:689,createInputValue
FN:716,(anonymous_24)
FN:740,(anonymous_25)
FN:745,(anonymous_26)
FN:779,(anonymous_27)
FN:795,(anonymous_28)
FN:819,(anonymous_29)
FN:827,(anonymous_30)
FN:833,(anonymous_31)
FN:842,(anonymous_32)
FN:865,(anonymous_33)
FN:887,(anonymous_34)
FN:905,(anonymous_35)
FN:962,(anonymous_36)
FN:970,(anonymous_37)
FN:996,(anonymous_38)
FN:1029,(anonymous_39)
FN:1039,(anonymous_40)
FN:1054,(anonymous_41)
FN:1068,(anonymous_42)
FN:1072,(anonymous_43)
FN:1078,(anonymous_44)
FN:1112,(anonymous_45)
FN:1137,(anonymous_46)
FN:1144,(anonymous_47)
FN:1148,(anonymous_48)
FN:1163,(anonymous_49)
FN:1177,(anonymous_50)
FN:1181,(anonymous_51)
FN:1197,(anonymous_52)
FN:1213,(anonymous_53)
FN:1217,(anonymous_54)
FN:1232,(anonymous_55)
FN:1246,(anonymous_56)
FN:1251,(anonymous_57)
FN:1255,(anonymous_58)
FN:1259,(anonymous_59)
FN:1315,(anonymous_60)
FN:1328,(anonymous_61)
FN:1359,(anonymous_62)
FN:1364,(anonymous_63)
FN:1369,(anonymous_64)
FN:1378,(anonymous_65)
FN:1383,(anonymous_66)
FN:1385,(anonymous_67)
FN:1389,(anonymous_68)
FN:1393,(anonymous_69)
FN:1401,(anonymous_70)
FN:1408,(anonymous_71)
FN:1420,byId
FN:1424,qSelect
FN:1428,getRelativeOffset
FN:1440,clone
FN:1472,addClass
FN:1489,removeClass
FN:1506,isNumber
FN:1515,createRange
FN:1531,createRangeForDate
FN:1561,(anonymous_81)
FN:1580,(anonymous_82)
FN:1592,(anonymous_83)
FN:1618,(anonymous_84)
FN:1624,(anonymous_85)
FN:1634,(anonymous_86)
FN:1651,(anonymous_87)
FN:1656,(anonymous_88)
FN:1661,(anonymous_89)
FN:1666,(anonymous_90)
FN:1671,(anonymous_91)
FN:1676,(anonymous_92)
FN:1681,(anonymous_93)
FN:1686,(anonymous_94)
FN:1691,(anonymous_95)
FN:1713,(anonymous_96)
FN:1752,specialReplace
FN:1759,prependZero
FN:1763,transformAmPm
FN:1779,(anonymous_100)
FN:1783,(anonymous_101)
FN:1787,(anonymous_102)
FN:1791,detectBrowser
FNF:103
FNH:76
FNDA:67,MtrDatepicker
FNDA:67,(anonymous_2)
FNDA:67,(anonymous_3)
FNDA:67,(anonymous_4)
FNDA:67,(anonymous_5)
FNDA:218,(anonymous_6)
FNDA:67,(anonymous_7)
FNDA:335,(anonymous_8)
FNDA:335,createUpArrow
FNDA:18,(anonymous_10)
FNDA:5,(anonymous_11)
FNDA:335,createDownArrow
FNDA:4,(anonymous_13)
FNDA:3,(anonymous_14)
FNDA:335,createInputValue
FNDA:4,(anonymous_16)
FNDA:4,(anonymous_17)
FNDA:4,blurEvent
FNDA:0,(anonymous_19)
FNDA:0,(anonymous_20)
FNDA:335,createValues
FNDA:67,(anonymous_22)
FNDA:134,createInputValue
FNDA:0,(anonymous_24)
FNDA:486,(anonymous_25)
FNDA:10799,(anonymous_26)
FNDA:2,(anonymous_27)
FNDA:0,(anonymous_28)
FNDA:0,(anonymous_29)
FNDA:0,(anonymous_30)
FNDA:0,(anonymous_31)
FNDA:151,(anonymous_32)
FNDA:151,(anonymous_33)
FNDA:4,(anonymous_34)
FNDA:521,(anonymous_35)
FNDA:0,(anonymous_36)
FNDA:85,(anonymous_37)
FNDA:4,(anonymous_38)
FNDA:262,(anonymous_39)
FNDA:75,(anonymous_40)
FNDA:0,(anonymous_41)
FNDA:246,(anonymous_42)
FNDA:136,(anonymous_43)
FNDA:0,(anonymous_44)
FNDA:136,(anonymous_45)
FNDA:756,(anonymous_46)
FNDA:5,(anonymous_47)
FNDA:74,(anonymous_48)
FNDA:0,(anonymous_49)
FNDA:343,(anonymous_50)
FNDA:77,(anonymous_51)
FNDA:0,(anonymous_52)
FNDA:334,(anonymous_53)
FNDA:74,(anonymous_54)
FNDA:0,(anonymous_55)
FNDA:336,(anonymous_56)
FNDA:0,(anonymous_57)
FNDA:0,(anonymous_58)
FNDA:67,(anonymous_59)
FNDA:1,(anonymous_60)
FNDA:389,(anonymous_61)
FNDA:4,(anonymous_62)
FNDA:4,(anonymous_63)
FNDA:0,(anonymous_64)
FNDA:0,(anonymous_65)
FNDA:1563,(anonymous_66)
FNDA:0,(anonymous_67)
FNDA:0,(anonymous_68)
FNDA:0,(anonymous_69)
FNDA:0,(anonymous_70)
FNDA:0,(anonymous_71)
FNDA:747,byId
FNDA:2562,qSelect
FNDA:388,getRelativeOffset
FNDA:2010,clone
FNDA:115,addClass
FNDA:87,removeClass
FNDA:0,isNumber
FNDA:268,createRange
FNDA:218,createRangeForDate
FNDA:388,(anonymous_81)
FNDA:525,(anonymous_82)
FNDA:525,(anonymous_83)
FNDA:137,(anonymous_84)
FNDA:388,(anonymous_85)
FNDA:67,(anonymous_86)
FNDA:1,(anonymous_87)
FNDA:1,(anonymous_88)
FNDA:1,(anonymous_89)
FNDA:0,(anonymous_90)
FNDA:1,(anonymous_91)
FNDA:1,(anonymous_92)
FNDA:1,(anonymous_93)
FNDA:1,(anonymous_94)
FNDA:1,(anonymous_95)
FNDA:54,(anonymous_96)
FNDA:864,specialReplace
FNDA:270,prependZero
FNDA:108,transformAmPm
FNDA:0,(anonymous_100)
FNDA:0,(anonymous_101)
FNDA:0,(anonymous_102)
FNDA:67,detectBrowser
DA:9,1
DA:18,67
DA:22,67
DA:93,67
DA:95,67
DA:101,67
DA:104,67
DA:116,67
DA:123,67
DA:126,67
DA:133,67
DA:135,67
DA:137,67
DA:138,0
DA:139,0
DA:142,67
DA:144,67
DA:146,67
DA:148,67
DA:150,67
DA:159,67
DA:160,67
DA:162,67
DA:163,67
DA:164,67
DA:166,67
DA:167,67
DA:168,67
DA:169,67
DA:172,67
DA:173,67
DA:174,67
DA:177,67
DA:178,67
DA:179,67
DA:182,67
DA:183,67
DA:184,67
DA:187,67
DA:188,67
DA:189,67
DA:190,67
DA:193,67
DA:194,67
DA:197,67
DA:199,0
DA:200,0
DA:201,0
DA:203,0
DA:204,0
DA:205,0
DA:207,0
DA:208,0
DA:209,0
DA:213,0
DA:214,0
DA:215,0
DA:218,0
DA:219,0
DA:220,0
DA:226,67
DA:227,0
DA:229,0
DA:230,0
DA:233,0
DA:234,0
DA:235,0
DA:237,0
DA:240,67
DA:243,67
DA:247,67
DA:248,218
DA:249,218
DA:251,218
DA:252,218
DA:258,218
DA:259,218
DA:267,67
DA:270,67
DA:271,67
DA:272,67
DA:273,0
DA:277,67
DA:283,67
DA:289,67
DA:293,67
DA:294,67
DA:296,67
DA:297,67
DA:299,67
DA:300,67
DA:301,67
DA:303,67
DA:304,67
DA:307,67
DA:314,67
DA:321,67
DA:327,67
DA:328,67
DA:330,67
DA:331,67
DA:333,67
DA:334,67
DA:335,67
DA:337,67
DA:338,67
DA:340,67
DA:354,67
DA:355,335
DA:356,335
DA:357,335
DA:358,335
DA:361,335
DA:362,335
DA:365,335
DA:366,335
DA:368,335
DA:369,335
DA:372,335
DA:375,335
DA:376,335
DA:378,335
DA:380,335
DA:385,1
DA:386,335
DA:387,335
DA:388,335
DA:391,335
DA:393,18
DA:394,18
DA:395,18
DA:397,18
DA:398,4
DA:401,18
DA:402,5
DA:403,5
DA:407,18
DA:408,18
DA:410,18
DA:411,2
DA:412,4
DA:413,4
DA:414,4
DA:415,4
DA:418,18
DA:419,18
DA:421,18
DA:422,1
DA:425,18
DA:429,2
DA:430,2
DA:431,1
DA:433,2
DA:434,2
DA:435,4
DA:436,4
DA:437,4
DA:438,4
DA:442,335
DA:445,1
DA:446,335
DA:447,335
DA:448,335
DA:450,335
DA:452,4
DA:453,4
DA:454,4
DA:456,4
DA:457,0
DA:460,4
DA:461,3
DA:462,3
DA:466,4
DA:467,4
DA:469,4
DA:470,3
DA:471,0
DA:472,0
DA:473,1
DA:474,0
DA:477,4
DA:478,4
DA:480,4
DA:481,1
DA:484,4
DA:488,3
DA:489,3
DA:490,3
DA:492,3
DA:493,3
DA:494,0
DA:495,0
DA:496,1
DA:497,0
DA:501,335
DA:504,1
DA:505,335
DA:506,335
DA:507,335
DA:508,335
DA:509,335
DA:512,335
DA:516,4
DA:517,4
DA:520,1
DA:521,4
DA:522,0
DA:525,4
DA:526,4
DA:529,4
DA:530,0
DA:531,0
DA:536,4
DA:537,0
DA:541,4
DA:542,1
DA:543,1
DA:544,1
DA:548,3
DA:549,3
DA:550,0
DA:553,3
DA:554,0
DA:555,0
DA:558,0
DA:559,0
DA:560,0
DA:563,3
DA:565,3
DA:566,3
DA:567,0
DA:568,0
DA:569,0
DA:570,0
DA:576,335
DA:577,0
DA:578,0
DA:581,0
DA:582,0
DA:584,0
DA:587,0
DA:591,0
DA:593,0
DA:594,0
DA:597,0
DA:598,0
DA:599,0
DA:602,0
DA:606,0
DA:607,0
DA:610,0
DA:614,0
DA:615,0
DA:619,335
DA:620,0
DA:621,0
DA:629,0
DA:630,0
DA:631,0
DA:634,0
DA:637,0
DA:638,0
DA:641,0
DA:644,0
DA:645,0
DA:646,0
DA:648,0
DA:652,335
DA:655,1
DA:656,335
DA:657,335
DA:660,335
DA:669,67
DA:670,67
DA:671,67
DA:672,67
DA:673,67
DA:675,67
DA:676,67
DA:679,67
DA:680,67
DA:682,67
DA:683,67
DA:685,67
DA:687,67
DA:689,1
DA:690,134
DA:691,134
DA:692,134
DA:693,134
DA:695,134
DA:696,134
DA:697,134
DA:699,134
DA:700,134
DA:702,134
DA:703,134
DA:704,134
DA:706,134
DA:707,134
DA:708,134
DA:709,134
DA:710,134
DA:712,134
DA:713,134
DA:716,134
DA:717,0
DA:719,0
DA:720,0
DA:721,0
DA:722,0
DA:723,0
DA:727,134
DA:730,67
DA:740,67
DA:742,486
DA:743,486
DA:745,486
DA:746,10799
DA:748,10799
DA:749,10799
DA:750,10799
DA:752,10799
DA:753,10799
DA:754,10799
DA:756,10799
DA:757,67
DA:760,10732
DA:763,10799
DA:765,10799
DA:766,7516
DA:767,7516
DA:768,7516
DA:770,7516
DA:772,7516
DA:775,10799
DA:779,486
DA:781,2
DA:786,2
DA:787,0
DA:790,2
DA:791,2
DA:795,486
DA:796,0
DA:797,0
DA:799,0
DA:800,0
DA:804,0
DA:805,0
DA:806,0
DA:807,0
DA:808,0
DA:810,0
DA:812,0
DA:813,0
DA:816,0
DA:819,0
DA:820,0
DA:823,0
DA:824,0
DA:827,486
DA:828,0
DA:829,0
DA:830,0
DA:833,486
DA:834,0
DA:835,0
DA:836,0
DA:839,486
DA:842,67
DA:843,151
DA:844,151
DA:845,151
DA:847,151
DA:848,151
DA:854,151
DA:865,67
DA:866,151
DA:867,151
DA:870,151
DA:871,151
DA:879,151
DA:880,151
DA:882,151
DA:883,0
DA:887,67
DA:888,4
DA:891,4
DA:905,67
DA:906,521
DA:907,466
DA:909,55
DA:912,55
DA:914,11
DA:915,11
DA:916,0
DA:921,11
DA:922,11
DA:923,7
DA:925,14
DA:929,14
DA:930,0
DA:931,0
DA:933,0
DA:934,0
DA:936,0
DA:937,0
DA:939,0
DA:940,0
DA:944,14
DA:945,14
DA:946,7
DA:947,9
DA:948,7
DA:951,55
DA:952,55
DA:953,55
DA:954,55
DA:956,55
DA:957,4
DA:959,51
DA:962,67
DA:963,0
DA:970,67
DA:971,85
DA:972,85
DA:973,85
DA:977,85
DA:978,0
DA:981,85
DA:982,0
DA:983,0
DA:985,85
DA:986,85
DA:987,85
DA:988,70
DA:991,85
DA:993,85
DA:994,4
DA:996,4
DA:997,4
DA:998,4
DA:1000,4
DA:1002,4
DA:1003,4
DA:1007,81
DA:1008,81
DA:1009,0
DA:1010,0
DA:1012,81
DA:1013,3
DA:1016,78
DA:1019,81
DA:1020,67
DA:1021,67
DA:1024,81
DA:1025,81
DA:1029,67
DA:1030,262
DA:1033,262
DA:1034,8
DA:1036,254
DA:1039,67
DA:1040,75
DA:1041,75
DA:1043,75
DA:1044,0
DA:1045,0
DA:1047,75
DA:1049,75
DA:1050,75
DA:1052,75
DA:1053,0
DA:1054,0
DA:1055,0
DA:1057,0
DA:1058,0
DA:1062,75
DA:1063,75
DA:1064,75
DA:1068,67
DA:1069,246
DA:1072,67
DA:1073,136
DA:1074,136
DA:1075,0
DA:1077,0
DA:1078,0
DA:1079,0
DA:1083,0
DA:1085,136
DA:1088,136
DA:1089,136
DA:1091,136
DA:1093,136
DA:1094,2
DA:1095,1
DA:1096,1
DA:1098,1
DA:1099,1
DA:1100,1
DA:1104,136
DA:1105,136
DA:1107,136
DA:1108,136
DA:1109,136
DA:1112,67
DA:1113,136
DA:1114,136
DA:1116,136
DA:1117,136
DA:1119,136
DA:1120,136
DA:1122,136
DA:1123,136
DA:1125,136
DA:1126,5
DA:1127,5
DA:1128,5
DA:1131,131
DA:1132,131
DA:1133,131
DA:1137,67
DA:1138,756
DA:1139,756
DA:1144,67
DA:1145,5
DA:1148,67
DA:1149,74
DA:1150,74
DA:1152,74
DA:1153,0
DA:1154,0
DA:1156,74
DA:1159,74
DA:1161,74
DA:1162,0
DA:1163,0
DA:1164,0
DA:1166,0
DA:1167,0
DA:1171,74
DA:1172,74
DA:1173,74
DA:1177,67
DA:1178,343
DA:1181,67
DA:1182,77
DA:1183,77
DA:1185,77
DA:1186,0
DA:1187,0
DA:1189,77
DA:1193,77
DA:1195,77
DA:1196,0
DA:1197,0
DA:1198,0
DA:1200,0
DA:1201,0
DA:1205,77
DA:1206,77
DA:1207,77
DA:1208,77
DA:1213,67
DA:1214,334
DA:1217,67
DA:1218,74
DA:1219,74
DA:1221,74
DA:1222,0
DA:1223,0
DA:1225,74
DA:1227,74
DA:1228,74
DA:1230,74
DA:1231,0
DA:1232,0
DA:1233,0
DA:1235,0
DA:1236,0
DA:1240,74
DA:1241,74
DA:1242,74
DA:1246,67
DA:1247,336
DA:1251,67
DA:1252,0
DA:1255,67
DA:1256,0
DA:1259,67
DA:1260,67
DA:1262,67
DA:1263,67
DA:1265,67
DA:1272,67
DA:1307,67
DA:1308,67
DA:1309,67
DA:1310,67
DA:1311,67
DA:1312,67
DA:1315,67
DA:1316,1
DA:1328,67
DA:1329,389
DA:1330,389
DA:1332,389
DA:1333,1
DA:1337,388
DA:1342,388
DA:1344,388
DA:1345,388
DA:1347,388
DA:1348,0
DA:1351,388
DA:1359,67
DA:1360,4
DA:1361,4
DA:1362,4
DA:1364,4
DA:1365,4
DA:1369,67
DA:1370,0
DA:1371,0
DA:1374,0
DA:1375,0
DA:1376,0
DA:1378,0
DA:1379,0
DA:1383,67
DA:1385,1563
DA:1386,0
DA:1389,1563
DA:1390,0
DA:1393,1563
DA:1394,0
DA:1397,1563
DA:1401,888
DA:1402,0
DA:1404,888
DA:1408,675
DA:1409,0
DA:1411,675
DA:1420,1
DA:1421,747
DA:1424,1
DA:1425,2562
DA:1428,1
DA:1429,388
DA:1430,388
DA:1432,0
DA:1440,1
DA:1441,2010
DA:1444,2010
DA:1447,2010
DA:1448,1809
DA:1449,1809
DA:1450,0
DA:1452,1809
DA:1456,201
DA:1457,201
DA:1458,201
DA:1459,1809
DA:1461,201
DA:1464,0
DA:1472,1
DA:1473,115
DA:1474,0
DA:1477,115
DA:1478,8
DA:1481,107
DA:1489,1
DA:1490,87
DA:1491,0
DA:1494,87
DA:1495,67
DA:1498,20
DA:1506,1
DA:1507,0
DA:1515,1
DA:1516,268
DA:1521,268
DA:1522,4087
DA:1525,268
DA:1531,1
DA:1532,218
DA:1533,218
DA:1535,218
DA:1543,218
DA:1544,218
DA:1545,6712
DA:1547,6712
DA:1548,6712
DA:1551,218
DA:1561,67
DA:1562,388
DA:1563,388
DA:1564,388
DA:1565,0
DA:1567,388
DA:1568,0
DA:1569,0
DA:1572,388
DA:1573,388
DA:1575,388
DA:1576,388
DA:1580,388
DA:1581,525
DA:1582,525
DA:1583,303
DA:1584,303
DA:1589,388
DA:1592,388
DA:1593,525
DA:1595,0
DA:1599,525
DA:1600,525
DA:1601,525
DA:1602,525
DA:1605,525
DA:1606,222
DA:1612,303
DA:1613,162
DA:1615,141
DA:1618,141
DA:1619,137
DA:1624,388
DA:1625,388
DA:1634,67
DA:1635,67
DA:1636,67
DA:1637,67
DA:1651,67
DA:1652,1
DA:1656,67
DA:1657,1
DA:1661,67
DA:1662,1
DA:1666,67
DA:1667,0
DA:1671,67
DA:1672,1
DA:1676,67
DA:1677,1
DA:1681,67
DA:1682,1
DA:1686,67
DA:1687,1
DA:1691,67
DA:1692,1
DA:1713,67
DA:1714,54
DA:1715,54
DA:1716,54
DA:1718,54
DA:1719,54
DA:1720,54
DA:1723,54
DA:1724,54
DA:1727,54
DA:1728,54
DA:1729,54
DA:1732,54
DA:1733,54
DA:1734,54
DA:1735,54
DA:1738,54
DA:1739,54
DA:1742,54
DA:1743,54
DA:1746,54
DA:1747,54
DA:1748,54
DA:1750,54
DA:1752,1
DA:1753,864
DA:1754,864
DA:1755,864
DA:1756,864
DA:1759,1
DA:1760,270
DA:1763,1
DA:1764,108
DA:1765,10
DA:1767,98
DA:1770,54
DA:1779,67
DA:1780,0
DA:1783,67
DA:1784,0
DA:1787,67
DA:1788,0
DA:1791,1
DA:1792,67
DA:1798,67
DA:1799,67
DA:1802,67
DA:1809,67
DA:1810,67
DA:1821,67
DA:1822,67
DA:1824,67
DA:1825,67
DA:1826,67
DA:1827,67
DA:1828,67
DA:1829,67
DA:1830,67
DA:1832,67
DA:1835,67
DA:1836,67
DA:1837,67
DA:1838,67
DA:1839,67
DA:1840,67
DA:1841,67
DA:1842,67
DA:1843,67
DA:1844,67
DA:1847,67
DA:1848,67
DA:1849,67
DA:1852,67
LF:824
LH:639
BRDA:137,1,0,0
BRDA:137,1,1,67
BRDA:162,2,0,13
BRDA:162,2,1,54
BRDA:166,3,0,0
BRDA:166,3,1,67
BRDA:167,4,0,7
BRDA:167,4,1,60
BRDA:168,5,0,0
BRDA:168,5,1,67
BRDA:169,6,0,2
BRDA:169,6,1,65
BRDA:172,7,0,0
BRDA:172,7,1,67
BRDA:172,8,0,67
BRDA:172,8,1,0
BRDA:173,9,0,0
BRDA:173,9,1,67
BRDA:173,10,0,67
BRDA:173,10,1,0
BRDA:174,11,0,0
BRDA:174,11,1,67
BRDA:174,12,0,67
BRDA:174,12,1,0
BRDA:177,13,0,0
BRDA:177,13,1,67
BRDA:177,14,0,67
BRDA:177,14,1,0
BRDA:178,15,0,0
BRDA:178,15,1,67
BRDA:178,16,0,67
BRDA:178,16,1,0
BRDA:179,17,0,0
BRDA:179,17,1,67
BRDA:179,18,0,67
BRDA:179,18,1,0
BRDA:182,19,0,0
BRDA:182,19,1,67
BRDA:182,20,0,67
BRDA:182,20,1,0
BRDA:183,21,0,0
BRDA:183,21,1,67
BRDA:183,22,0,67
BRDA:183,22,1,0
BRDA:184,23,0,0
BRDA:184,23,1,67
BRDA:184,24,0,67
BRDA:184,24,1,0
BRDA:197,25,0,0
BRDA:197,25,1,67
BRDA:199,26,0,0
BRDA:199,26,1,0
BRDA:199,27,0,0
BRDA:199,27,1,0
BRDA:203,28,0,0
BRDA:203,28,1,0
BRDA:203,29,0,0
BRDA:203,29,1,0
BRDA:207,30,0,0
BRDA:207,30,1,0
BRDA:207,31,0,0
BRDA:207,31,1,0
BRDA:213,32,0,0
BRDA:213,32,1,0
BRDA:213,33,0,0
BRDA:213,33,1,0
BRDA:213,33,2,0
BRDA:218,34,0,0
BRDA:218,34,1,0
BRDA:218,35,0,0
BRDA:218,35,1,0
BRDA:218,35,2,0
BRDA:218,35,3,0
BRDA:226,36,0,0
BRDA:226,36,1,67
BRDA:248,37,0,151
BRDA:248,37,1,67
BRDA:249,38,0,151
BRDA:249,38,1,67
BRDA:397,39,0,4
BRDA:397,39,1,14
BRDA:410,40,0,2
BRDA:410,40,1,4
BRDA:410,40,2,4
BRDA:410,40,3,4
BRDA:410,40,4,4
BRDA:421,41,0,1
BRDA:421,41,1,17
BRDA:425,42,0,2
BRDA:425,42,1,4
BRDA:425,42,2,4
BRDA:425,42,3,4
BRDA:425,42,4,4
BRDA:430,43,0,1
BRDA:430,43,1,1
BRDA:430,44,0,2
BRDA:430,44,1,1
BRDA:456,45,0,0
BRDA:456,45,1,4
BRDA:469,46,0,3
BRDA:469,46,1,0
BRDA:469,46,2,0
BRDA:469,46,3,1
BRDA:469,46,4,0
BRDA:480,47,0,1
BRDA:480,47,1,3
BRDA:484,48,0,3
BRDA:484,48,1,0
BRDA:484,48,2,0
BRDA:484,48,3,1
BRDA:484,48,4,0
BRDA:489,49,0,3
BRDA:489,49,1,0
BRDA:489,50,0,3
BRDA:489,50,1,3
BRDA:521,51,0,0
BRDA:521,51,1,4
BRDA:529,52,0,0
BRDA:529,52,1,4
BRDA:536,53,0,0
BRDA:536,53,1,4
BRDA:541,54,0,1
BRDA:541,54,1,3
BRDA:549,55,0,0
BRDA:549,55,1,3
BRDA:553,56,0,0
BRDA:553,56,1,3
BRDA:553,57,0,3
BRDA:553,57,1,0
BRDA:554,58,0,0
BRDA:554,58,1,0
BRDA:565,59,0,3
BRDA:565,59,1,0
BRDA:565,59,2,0
BRDA:565,59,3,0
BRDA:565,59,4,0
BRDA:591,60,0,0
BRDA:591,60,1,0
BRDA:597,61,0,0
BRDA:597,61,1,0
BRDA:598,62,0,0
BRDA:598,62,1,0
BRDA:606,63,0,0
BRDA:606,63,1,0
BRDA:620,64,0,0
BRDA:620,64,1,0
BRDA:629,65,0,0
BRDA:629,65,1,0
BRDA:629,66,0,0
BRDA:629,66,1,0
BRDA:634,67,0,0
BRDA:634,67,1,0
BRDA:634,67,2,0
BRDA:634,67,3,0
BRDA:644,68,0,0
BRDA:644,68,1,0
BRDA:644,69,0,0
BRDA:644,69,1,0
BRDA:685,70,0,1
BRDA:685,70,1,66
BRDA:719,71,0,0
BRDA:719,71,1,0
BRDA:719,72,0,0
BRDA:719,72,1,0
BRDA:746,73,0,804
BRDA:746,73,1,9995
BRDA:756,74,0,67
BRDA:756,74,1,10732
BRDA:756,75,0,10799
BRDA:756,75,1,402
BRDA:765,76,0,7516
BRDA:765,76,1,3283
BRDA:786,77,0,0
BRDA:786,77,1,2
BRDA:799,78,0,0
BRDA:799,78,1,0
BRDA:812,79,0,0
BRDA:812,79,1,0
BRDA:866,80,0,77
BRDA:866,80,1,74
BRDA:867,81,0,74
BRDA:867,81,1,77
BRDA:882,82,0,0
BRDA:882,82,1,151
BRDA:891,83,0,3
BRDA:891,83,1,1
BRDA:906,84,0,466
BRDA:906,84,1,55
BRDA:912,85,0,11
BRDA:912,85,1,7
BRDA:912,85,2,14
BRDA:912,85,3,7
BRDA:912,85,4,9
BRDA:912,85,5,7
BRDA:915,86,0,0
BRDA:915,86,1,11
BRDA:915,87,0,11
BRDA:915,87,1,0
BRDA:926,88,0,0
BRDA:926,88,1,14
BRDA:926,89,0,14
BRDA:926,89,1,14
BRDA:929,90,0,0
BRDA:929,90,1,14
BRDA:930,91,0,0
BRDA:930,91,1,0
BRDA:930,92,0,0
BRDA:930,92,1,0
BRDA:933,93,0,0
BRDA:933,93,1,0
BRDA:933,94,0,0
BRDA:933,94,1,0
BRDA:936,95,0,0
BRDA:936,95,1,0
BRDA:936,96,0,0
BRDA:936,96,1,0
BRDA:939,97,0,0
BRDA:939,97,1,0
BRDA:939,98,0,0
BRDA:939,98,1,0
BRDA:956,99,0,4
BRDA:956,99,1,51
BRDA:977,100,0,0
BRDA:977,100,1,85
BRDA:977,101,0,85
BRDA:977,101,1,4
BRDA:977,101,2,1
BRDA:981,102,0,0
BRDA:981,102,1,85
BRDA:981,103,0,85
BRDA:981,103,1,0
BRDA:987,104,0,70
BRDA:987,104,1,15
BRDA:993,105,0,4
BRDA:993,105,1,81
BRDA:993,106,0,85
BRDA:993,106,1,85
BRDA:997,107,0,4
BRDA:997,107,1,0
BRDA:1008,108,0,0
BRDA:1008,108,1,81
BRDA:1008,109,0,81
BRDA:1008,109,1,4
BRDA:1008,109,2,1
BRDA:1012,110,0,3
BRDA:1012,110,1,78
BRDA:1012,111,0,81
BRDA:1012,111,1,77
BRDA:1012,111,2,3
BRDA:1019,112,0,67
BRDA:1019,112,1,14
BRDA:1033,113,0,8
BRDA:1033,113,1,254
BRDA:1033,114,0,262
BRDA:1033,114,1,260
BRDA:1036,115,0,11
BRDA:1036,115,1,243
BRDA:1036,116,0,254
BRDA:1036,116,1,11
BRDA:1043,117,0,0
BRDA:1043,117,1,75
BRDA:1043,118,0,75
BRDA:1043,118,1,0
BRDA:1052,119,0,0
BRDA:1052,119,1,75
BRDA:1052,120,0,75
BRDA:1052,120,1,75
BRDA:1074,121,0,0
BRDA:1074,121,1,136
BRDA:1077,122,0,0
BRDA:1077,122,1,0
BRDA:1093,123,0,2
BRDA:1093,123,1,134
BRDA:1094,124,0,1
BRDA:1094,124,1,1
BRDA:1094,125,0,2
BRDA:1094,125,1,1
BRDA:1098,126,0,1
BRDA:1098,126,1,0
BRDA:1098,127,0,1
BRDA:1098,127,1,1
BRDA:1116,128,0,5
BRDA:1116,128,1,131
BRDA:1117,129,0,5
BRDA:1117,129,1,131
BRDA:1125,130,0,5
BRDA:1125,130,1,131
BRDA:1139,131,0,45
BRDA:1139,131,1,711
BRDA:1139,132,0,756
BRDA:1139,132,1,756
BRDA:1152,133,0,0
BRDA:1152,133,1,74
BRDA:1152,134,0,74
BRDA:1152,134,1,0
BRDA:1161,135,0,0
BRDA:1161,135,1,74
BRDA:1161,136,0,74
BRDA:1161,136,1,74
BRDA:1185,137,0,0
BRDA:1185,137,1,77
BRDA:1185,138,0,77
BRDA:1185,138,1,0
BRDA:1195,139,0,0
BRDA:1195,139,1,77
BRDA:1195,140,0,77
BRDA:1195,140,1,77
BRDA:1221,141,0,0
BRDA:1221,141,1,74
BRDA:1221,142,0,74
BRDA:1221,142,1,0
BRDA:1230,143,0,0
BRDA:1230,143,1,74
BRDA:1230,144,0,74
BRDA:1230,144,1,74
BRDA:1256,145,0,0
BRDA:1256,145,1,0
BRDA:1267,146,0,4
BRDA:1267,146,1,63
BRDA:1267,147,0,67
BRDA:1267,147,1,67
BRDA:1272,148,0,3
BRDA:1272,148,1,64
BRDA:1330,149,0,389
BRDA:1330,149,1,389
BRDA:1332,150,0,1
BRDA:1332,150,1,388
BRDA:1347,151,0,0
BRDA:1347,151,1,388
BRDA:1347,152,0,388
BRDA:1347,152,1,388
BRDA:1370,153,0,0
BRDA:1370,153,1,0
BRDA:1371,154,0,0
BRDA:1371,154,1,0
BRDA:1397,155,0,255
BRDA:1397,155,1,480
BRDA:1397,155,2,888
BRDA:1397,155,3,222
BRDA:1397,155,4,453
BRDA:1397,155,5,675
BRDA:1425,156,0,2562
BRDA:1425,156,1,0
BRDA:1429,157,0,388
BRDA:1429,157,1,0
BRDA:1429,158,0,388
BRDA:1429,158,1,388
BRDA:1444,159,0,0
BRDA:1444,159,1,2010
BRDA:1444,160,0,2010
BRDA:1444,160,1,2010
BRDA:1447,161,0,1809
BRDA:1447,161,1,201
BRDA:1456,162,0,201
BRDA:1456,162,1,0
BRDA:1459,163,0,1809
BRDA:1459,163,1,0
BRDA:1473,164,0,0
BRDA:1473,164,1,115
BRDA:1477,165,0,8
BRDA:1477,165,1,107
BRDA:1490,166,0,0
BRDA:1490,166,1,87
BRDA:1494,167,0,67
BRDA:1494,167,1,20
BRDA:1507,168,0,0
BRDA:1507,168,1,0
BRDA:1564,169,0,0
BRDA:1564,169,1,388
BRDA:1567,170,0,0
BRDA:1567,170,1,388
BRDA:1581,171,0,0
BRDA:1581,171,1,525
BRDA:1582,172,0,222
BRDA:1582,172,1,303
BRDA:1593,173,0,0
BRDA:1593,173,1,525
BRDA:1605,174,0,222
BRDA:1605,174,1,303
BRDA:1612,175,0,162
BRDA:1612,175,1,141
BRDA:1612,176,0,303
BRDA:1612,176,1,303
BRDA:1742,177,0,10
BRDA:1742,177,1,44
BRDA:1743,178,0,10
BRDA:1743,178,1,44
BRDA:1760,179,0,157
BRDA:1760,179,1,113
BRDA:1764,180,0,10
BRDA:1764,180,1,98
BRDA:1765,181,0,6
BRDA:1765,181,1,4
BRDA:1767,182,0,14
BRDA:1767,182,1,84
BRDA:1798,183,0,67
BRDA:1798,183,1,0
BRDA:1798,184,0,67
BRDA:1798,184,1,67
BRF:399
BRH:239
end_of_record
