TN:
SF:/home/valentin/Documents/MTR-Design/github/mtr-datepicker-dev/scripts/mtr-datepicker.js
FN:9,MtrDatepicker
FN:133,(anonymous_2)
FN:159,(anonymous_3)
FN:193,(anonymous_4)
FN:245,(anonymous_5)
FN:249,(anonymous_6)
FN:269,(anonymous_7)
FN:356,(anonymous_8)
FN:387,createUpArrow
FN:393,(anonymous_10)
FN:403,(anonymous_11)
FN:447,createDownArrow
FN:452,(anonymous_13)
FN:462,(anonymous_14)
FN:506,createInputValue
FN:514,(anonymous_16)
FN:518,(anonymous_17)
FN:522,blurEvent
FN:578,(anonymous_19)
FN:621,(anonymous_20)
FN:657,createValues
FN:671,(anonymous_22)
FN:691,createInputValue
FN:718,(anonymous_24)
FN:742,(anonymous_25)
FN:747,(anonymous_26)
FN:781,(anonymous_27)
FN:797,(anonymous_28)
FN:821,(anonymous_29)
FN:829,(anonymous_30)
FN:835,(anonymous_31)
FN:844,(anonymous_32)
FN:867,(anonymous_33)
FN:889,(anonymous_34)
FN:907,(anonymous_35)
FN:964,(anonymous_36)
FN:972,(anonymous_37)
FN:998,(anonymous_38)
FN:1031,(anonymous_39)
FN:1041,(anonymous_40)
FN:1056,(anonymous_41)
FN:1070,(anonymous_42)
FN:1074,(anonymous_43)
FN:1080,(anonymous_44)
FN:1114,(anonymous_45)
FN:1139,(anonymous_46)
FN:1146,(anonymous_47)
FN:1150,(anonymous_48)
FN:1165,(anonymous_49)
FN:1179,(anonymous_50)
FN:1183,(anonymous_51)
FN:1199,(anonymous_52)
FN:1215,(anonymous_53)
FN:1219,(anonymous_54)
FN:1234,(anonymous_55)
FN:1248,(anonymous_56)
FN:1253,(anonymous_57)
FN:1257,(anonymous_58)
FN:1261,(anonymous_59)
FN:1284,(anonymous_60)
FN:1297,(anonymous_61)
FN:1328,(anonymous_62)
FN:1333,(anonymous_63)
FN:1338,(anonymous_64)
FN:1347,(anonymous_65)
FN:1352,(anonymous_66)
FN:1354,(anonymous_67)
FN:1358,(anonymous_68)
FN:1362,(anonymous_69)
FN:1370,(anonymous_70)
FN:1377,(anonymous_71)
FN:1389,byId
FN:1393,qSelect
FN:1397,getRelativeOffset
FN:1409,clone
FN:1441,addClass
FN:1458,removeClass
FN:1475,isNumber
FN:1484,createRange
FN:1500,createRangeForDate
FN:1530,(anonymous_81)
FN:1549,(anonymous_82)
FN:1561,(anonymous_83)
FN:1587,(anonymous_84)
FN:1593,(anonymous_85)
FN:1603,(anonymous_86)
FN:1620,(anonymous_87)
FN:1625,(anonymous_88)
FN:1630,(anonymous_89)
FN:1635,(anonymous_90)
FN:1640,(anonymous_91)
FN:1645,(anonymous_92)
FN:1650,(anonymous_93)
FN:1655,(anonymous_94)
FN:1660,(anonymous_95)
FN:1677,(anonymous_96)
FN:1716,specialReplace
FN:1723,prependZero
FN:1727,transformAmPm
FN:1743,(anonymous_100)
FN:1747,(anonymous_101)
FN:1751,(anonymous_102)
FN:1755,detectBrowser
FNF:103
FNH:77
FNDA:72,MtrDatepicker
FNDA:72,(anonymous_2)
FNDA:67,(anonymous_3)
FNDA:72,(anonymous_4)
FNDA:67,(anonymous_5)
FNDA:218,(anonymous_6)
FNDA:67,(anonymous_7)
FNDA:335,(anonymous_8)
FNDA:335,createUpArrow
FNDA:18,(anonymous_10)
FNDA:5,(anonymous_11)
FNDA:335,createDownArrow
FNDA:4,(anonymous_13)
FNDA:3,(anonymous_14)
FNDA:335,createInputValue
FNDA:4,(anonymous_16)
FNDA:4,(anonymous_17)
FNDA:4,blurEvent
FNDA:0,(anonymous_19)
FNDA:0,(anonymous_20)
FNDA:335,createValues
FNDA:67,(anonymous_22)
FNDA:134,createInputValue
FNDA:0,(anonymous_24)
FNDA:486,(anonymous_25)
FNDA:10799,(anonymous_26)
FNDA:2,(anonymous_27)
FNDA:0,(anonymous_28)
FNDA:0,(anonymous_29)
FNDA:0,(anonymous_30)
FNDA:0,(anonymous_31)
FNDA:151,(anonymous_32)
FNDA:151,(anonymous_33)
FNDA:4,(anonymous_34)
FNDA:521,(anonymous_35)
FNDA:0,(anonymous_36)
FNDA:85,(anonymous_37)
FNDA:4,(anonymous_38)
FNDA:262,(anonymous_39)
FNDA:75,(anonymous_40)
FNDA:0,(anonymous_41)
FNDA:246,(anonymous_42)
FNDA:136,(anonymous_43)
FNDA:0,(anonymous_44)
FNDA:136,(anonymous_45)
FNDA:756,(anonymous_46)
FNDA:5,(anonymous_47)
FNDA:74,(anonymous_48)
FNDA:0,(anonymous_49)
FNDA:343,(anonymous_50)
FNDA:77,(anonymous_51)
FNDA:0,(anonymous_52)
FNDA:334,(anonymous_53)
FNDA:74,(anonymous_54)
FNDA:0,(anonymous_55)
FNDA:336,(anonymous_56)
FNDA:0,(anonymous_57)
FNDA:0,(anonymous_58)
FNDA:67,(anonymous_59)
FNDA:1,(anonymous_60)
FNDA:389,(anonymous_61)
FNDA:4,(anonymous_62)
FNDA:4,(anonymous_63)
FNDA:0,(anonymous_64)
FNDA:0,(anonymous_65)
FNDA:1563,(anonymous_66)
FNDA:0,(anonymous_67)
FNDA:0,(anonymous_68)
FNDA:0,(anonymous_69)
FNDA:0,(anonymous_70)
FNDA:0,(anonymous_71)
FNDA:752,byId
FNDA:2562,qSelect
FNDA:388,getRelativeOffset
FNDA:2160,clone
FNDA:120,addClass
FNDA:87,removeClass
FNDA:8,isNumber
FNDA:268,createRange
FNDA:218,createRangeForDate
FNDA:388,(anonymous_81)
FNDA:530,(anonymous_82)
FNDA:530,(anonymous_83)
FNDA:174,(anonymous_84)
FNDA:356,(anonymous_85)
FNDA:67,(anonymous_86)
FNDA:1,(anonymous_87)
FNDA:1,(anonymous_88)
FNDA:1,(anonymous_89)
FNDA:0,(anonymous_90)
FNDA:1,(anonymous_91)
FNDA:1,(anonymous_92)
FNDA:1,(anonymous_93)
FNDA:1,(anonymous_94)
FNDA:1,(anonymous_95)
FNDA:54,(anonymous_96)
FNDA:864,specialReplace
FNDA:270,prependZero
FNDA:108,transformAmPm
FNDA:0,(anonymous_100)
FNDA:0,(anonymous_101)
FNDA:0,(anonymous_102)
FNDA:72,detectBrowser
DA:9,1
DA:18,72
DA:22,72
DA:93,72
DA:95,72
DA:101,72
DA:104,72
DA:116,72
DA:123,72
DA:126,72
DA:133,72
DA:135,72
DA:137,72
DA:138,5
DA:139,5
DA:142,67
DA:144,67
DA:146,67
DA:148,67
DA:150,67
DA:159,72
DA:160,67
DA:162,67
DA:163,67
DA:164,67
DA:166,67
DA:167,67
DA:168,67
DA:169,67
DA:172,67
DA:173,67
DA:174,67
DA:177,67
DA:178,67
DA:179,67
DA:182,67
DA:183,67
DA:184,67
DA:187,67
DA:188,67
DA:189,67
DA:190,67
DA:193,72
DA:194,72
DA:197,72
DA:199,5
DA:200,1
DA:201,1
DA:203,5
DA:204,1
DA:205,1
DA:207,5
DA:208,1
DA:209,1
DA:213,5
DA:214,1
DA:215,1
DA:218,5
DA:221,1
DA:222,1
DA:228,72
DA:229,5
DA:231,5
DA:232,0
DA:235,5
DA:236,5
DA:237,5
DA:239,5
DA:242,72
DA:245,72
DA:249,72
DA:250,218
DA:251,218
DA:253,218
DA:254,218
DA:260,218
DA:261,218
DA:269,72
DA:272,67
DA:273,67
DA:274,67
DA:275,0
DA:279,67
DA:285,67
DA:291,67
DA:295,67
DA:296,67
DA:298,67
DA:299,67
DA:301,67
DA:302,67
DA:303,67
DA:305,67
DA:306,67
DA:309,67
DA:316,67
DA:323,67
DA:329,67
DA:330,67
DA:332,67
DA:333,67
DA:335,67
DA:336,67
DA:337,67
DA:339,67
DA:340,67
DA:342,67
DA:356,72
DA:357,335
DA:358,335
DA:359,335
DA:360,335
DA:363,335
DA:364,335
DA:367,335
DA:368,335
DA:370,335
DA:371,335
DA:374,335
DA:377,335
DA:378,335
DA:380,335
DA:382,335
DA:387,1
DA:388,335
DA:389,335
DA:390,335
DA:393,335
DA:395,18
DA:396,18
DA:397,18
DA:399,18
DA:400,4
DA:403,18
DA:404,5
DA:405,5
DA:409,18
DA:410,18
DA:412,18
DA:413,2
DA:414,4
DA:415,4
DA:416,4
DA:417,4
DA:420,18
DA:421,18
DA:423,18
DA:424,1
DA:427,18
DA:431,2
DA:432,2
DA:433,1
DA:435,2
DA:436,2
DA:437,4
DA:438,4
DA:439,4
DA:440,4
DA:444,335
DA:447,1
DA:448,335
DA:449,335
DA:450,335
DA:452,335
DA:454,4
DA:455,4
DA:456,4
DA:458,4
DA:459,0
DA:462,4
DA:463,3
DA:464,3
DA:468,4
DA:469,4
DA:471,4
DA:472,3
DA:473,0
DA:474,0
DA:475,1
DA:476,0
DA:479,4
DA:480,4
DA:482,4
DA:483,1
DA:486,4
DA:490,3
DA:491,3
DA:492,3
DA:494,3
DA:495,3
DA:496,0
DA:497,0
DA:498,1
DA:499,0
DA:503,335
DA:506,1
DA:507,335
DA:508,335
DA:509,335
DA:510,335
DA:511,335
DA:514,335
DA:518,4
DA:519,4
DA:522,1
DA:523,4
DA:524,0
DA:527,4
DA:528,4
DA:531,4
DA:532,0
DA:533,0
DA:538,4
DA:539,0
DA:543,4
DA:544,1
DA:545,1
DA:546,1
DA:550,3
DA:551,3
DA:552,0
DA:555,3
DA:556,0
DA:557,0
DA:560,0
DA:561,0
DA:562,0
DA:565,3
DA:567,3
DA:568,3
DA:569,0
DA:570,0
DA:571,0
DA:572,0
DA:578,335
DA:579,0
DA:580,0
DA:583,0
DA:584,0
DA:586,0
DA:589,0
DA:593,0
DA:595,0
DA:596,0
DA:599,0
DA:600,0
DA:601,0
DA:604,0
DA:608,0
DA:609,0
DA:612,0
DA:616,0
DA:617,0
DA:621,335
DA:622,0
DA:623,0
DA:631,0
DA:632,0
DA:633,0
DA:636,0
DA:639,0
DA:640,0
DA:643,0
DA:646,0
DA:647,0
DA:648,0
DA:650,0
DA:654,335
DA:657,1
DA:658,335
DA:659,335
DA:662,335
DA:671,72
DA:672,67
DA:673,67
DA:674,67
DA:675,67
DA:677,67
DA:678,67
DA:681,67
DA:682,67
DA:684,67
DA:685,67
DA:687,67
DA:689,67
DA:691,1
DA:692,134
DA:693,134
DA:694,134
DA:695,134
DA:697,134
DA:698,134
DA:699,134
DA:701,134
DA:702,134
DA:704,134
DA:705,134
DA:706,134
DA:708,134
DA:709,134
DA:710,134
DA:711,134
DA:712,134
DA:714,134
DA:715,134
DA:718,134
DA:719,0
DA:721,0
DA:722,0
DA:723,0
DA:724,0
DA:725,0
DA:729,134
DA:732,67
DA:742,72
DA:744,486
DA:745,486
DA:747,486
DA:748,10799
DA:750,10799
DA:751,10799
DA:752,10799
DA:754,10799
DA:755,10799
DA:756,10799
DA:758,10799
DA:759,67
DA:762,10732
DA:765,10799
DA:767,10799
DA:768,7516
DA:769,7516
DA:770,7516
DA:772,7516
DA:774,7516
DA:777,10799
DA:781,486
DA:783,2
DA:788,2
DA:789,0
DA:792,2
DA:793,2
DA:797,486
DA:798,0
DA:799,0
DA:801,0
DA:802,0
DA:806,0
DA:807,0
DA:808,0
DA:809,0
DA:810,0
DA:812,0
DA:814,0
DA:815,0
DA:818,0
DA:821,0
DA:822,0
DA:825,0
DA:826,0
DA:829,486
DA:830,0
DA:831,0
DA:832,0
DA:835,486
DA:836,0
DA:837,0
DA:838,0
DA:841,486
DA:844,72
DA:845,151
DA:846,151
DA:847,151
DA:849,151
DA:850,151
DA:856,151
DA:867,72
DA:868,151
DA:869,151
DA:872,151
DA:873,151
DA:881,151
DA:882,151
DA:884,151
DA:885,0
DA:889,72
DA:890,4
DA:893,4
DA:907,72
DA:908,521
DA:909,466
DA:911,55
DA:914,55
DA:916,11
DA:917,11
DA:918,0
DA:923,11
DA:924,11
DA:925,7
DA:927,14
DA:931,14
DA:932,0
DA:933,0
DA:935,0
DA:936,0
DA:938,0
DA:939,0
DA:941,0
DA:942,0
DA:946,14
DA:947,14
DA:948,7
DA:949,9
DA:950,7
DA:953,55
DA:954,55
DA:955,55
DA:956,55
DA:958,55
DA:959,4
DA:961,51
DA:964,72
DA:965,0
DA:972,72
DA:973,85
DA:974,85
DA:975,85
DA:979,85
DA:980,0
DA:983,85
DA:984,0
DA:985,0
DA:987,85
DA:988,85
DA:989,85
DA:990,71
DA:993,85
DA:995,85
DA:996,4
DA:998,4
DA:999,4
DA:1000,4
DA:1002,4
DA:1004,4
DA:1005,4
DA:1009,81
DA:1010,81
DA:1011,0
DA:1012,0
DA:1014,81
DA:1015,3
DA:1018,78
DA:1021,81
DA:1022,67
DA:1023,67
DA:1026,81
DA:1027,81
DA:1031,72
DA:1032,262
DA:1035,262
DA:1036,8
DA:1038,254
DA:1041,72
DA:1042,75
DA:1043,75
DA:1045,75
DA:1046,0
DA:1047,0
DA:1049,75
DA:1051,75
DA:1052,75
DA:1054,75
DA:1055,0
DA:1056,0
DA:1057,0
DA:1059,0
DA:1060,0
DA:1064,75
DA:1065,75
DA:1066,75
DA:1070,72
DA:1071,246
DA:1074,72
DA:1075,136
DA:1076,136
DA:1077,0
DA:1079,0
DA:1080,0
DA:1081,0
DA:1085,0
DA:1087,136
DA:1090,136
DA:1091,136
DA:1093,136
DA:1095,136
DA:1096,2
DA:1097,1
DA:1098,1
DA:1100,1
DA:1101,1
DA:1102,1
DA:1106,136
DA:1107,136
DA:1109,136
DA:1110,136
DA:1111,136
DA:1114,72
DA:1115,136
DA:1116,136
DA:1118,136
DA:1119,136
DA:1121,136
DA:1122,136
DA:1124,136
DA:1125,136
DA:1127,136
DA:1128,5
DA:1129,5
DA:1130,5
DA:1133,131
DA:1134,131
DA:1135,131
DA:1139,72
DA:1140,756
DA:1141,756
DA:1146,72
DA:1147,5
DA:1150,72
DA:1151,74
DA:1152,74
DA:1154,74
DA:1155,0
DA:1156,0
DA:1158,74
DA:1161,74
DA:1163,74
DA:1164,0
DA:1165,0
DA:1166,0
DA:1168,0
DA:1169,0
DA:1173,74
DA:1174,74
DA:1175,74
DA:1179,72
DA:1180,343
DA:1183,72
DA:1184,77
DA:1185,77
DA:1187,77
DA:1188,0
DA:1189,0
DA:1191,77
DA:1195,77
DA:1197,77
DA:1198,0
DA:1199,0
DA:1200,0
DA:1202,0
DA:1203,0
DA:1207,77
DA:1208,77
DA:1209,77
DA:1210,77
DA:1215,72
DA:1216,334
DA:1219,72
DA:1220,74
DA:1221,74
DA:1223,74
DA:1224,0
DA:1225,0
DA:1227,74
DA:1229,74
DA:1230,74
DA:1232,74
DA:1233,0
DA:1234,0
DA:1235,0
DA:1237,0
DA:1238,0
DA:1242,74
DA:1243,74
DA:1244,74
DA:1248,72
DA:1249,336
DA:1253,72
DA:1254,0
DA:1257,72
DA:1258,0
DA:1261,72
DA:1262,67
DA:1264,67
DA:1265,67
DA:1267,67
DA:1274,67
DA:1276,67
DA:1277,67
DA:1278,67
DA:1279,67
DA:1280,67
DA:1281,67
DA:1284,72
DA:1285,1
DA:1297,72
DA:1298,389
DA:1299,389
DA:1301,389
DA:1302,1
DA:1306,388
DA:1311,388
DA:1313,388
DA:1314,388
DA:1316,388
DA:1317,0
DA:1320,388
DA:1328,72
DA:1329,4
DA:1330,4
DA:1331,4
DA:1333,4
DA:1334,4
DA:1338,72
DA:1339,0
DA:1340,0
DA:1343,0
DA:1344,0
DA:1345,0
DA:1347,0
DA:1348,0
DA:1352,72
DA:1354,1563
DA:1355,0
DA:1358,1563
DA:1359,0
DA:1362,1563
DA:1363,0
DA:1366,1563
DA:1370,888
DA:1371,0
DA:1373,888
DA:1377,675
DA:1378,0
DA:1380,675
DA:1389,1
DA:1390,752
DA:1393,1
DA:1394,2562
DA:1397,1
DA:1398,388
DA:1399,388
DA:1401,0
DA:1409,1
DA:1410,2160
DA:1413,2160
DA:1416,2160
DA:1417,1944
DA:1418,1944
DA:1419,0
DA:1421,1944
DA:1425,216
DA:1426,216
DA:1427,216
DA:1428,1944
DA:1430,216
DA:1433,0
DA:1441,1
DA:1442,120
DA:1443,0
DA:1446,120
DA:1447,8
DA:1450,112
DA:1458,1
DA:1459,87
DA:1460,0
DA:1463,87
DA:1464,67
DA:1467,20
DA:1475,1
DA:1476,8
DA:1484,1
DA:1485,268
DA:1490,268
DA:1491,4087
DA:1494,268
DA:1500,1
DA:1501,218
DA:1502,218
DA:1504,218
DA:1512,218
DA:1513,218
DA:1514,6712
DA:1516,6712
DA:1517,6712
DA:1520,218
DA:1530,72
DA:1531,388
DA:1532,388
DA:1533,388
DA:1534,0
DA:1536,388
DA:1537,0
DA:1538,0
DA:1541,388
DA:1542,388
DA:1544,388
DA:1545,388
DA:1549,388
DA:1550,530
DA:1551,530
DA:1552,368
DA:1553,368
DA:1558,388
DA:1561,388
DA:1562,530
DA:1564,0
DA:1568,530
DA:1569,530
DA:1570,530
DA:1571,530
DA:1574,530
DA:1575,162
DA:1581,368
DA:1582,191
DA:1584,177
DA:1587,177
DA:1588,174
DA:1593,388
DA:1594,356
DA:1603,72
DA:1604,67
DA:1605,67
DA:1606,67
DA:1620,72
DA:1621,1
DA:1625,72
DA:1626,1
DA:1630,72
DA:1631,1
DA:1635,72
DA:1636,0
DA:1640,72
DA:1641,1
DA:1645,72
DA:1646,1
DA:1650,72
DA:1651,1
DA:1655,72
DA:1656,1
DA:1660,72
DA:1661,1
DA:1677,72
DA:1678,54
DA:1679,54
DA:1680,54
DA:1682,54
DA:1683,54
DA:1684,54
DA:1687,54
DA:1688,54
DA:1691,54
DA:1692,54
DA:1693,54
DA:1696,54
DA:1697,54
DA:1698,54
DA:1699,54
DA:1702,54
DA:1703,54
DA:1706,54
DA:1707,54
DA:1710,54
DA:1711,54
DA:1712,54
DA:1714,54
DA:1716,1
DA:1717,864
DA:1718,864
DA:1719,864
DA:1720,864
DA:1723,1
DA:1724,270
DA:1727,1
DA:1728,108
DA:1729,10
DA:1731,98
DA:1734,54
DA:1743,72
DA:1744,0
DA:1747,72
DA:1748,0
DA:1751,72
DA:1752,0
DA:1755,1
DA:1756,72
DA:1762,72
DA:1763,72
DA:1766,72
DA:1773,72
DA:1774,72
DA:1785,72
DA:1786,72
DA:1788,72
DA:1789,72
DA:1790,72
DA:1791,72
DA:1792,72
DA:1793,72
DA:1794,72
DA:1796,72
DA:1799,72
DA:1800,72
DA:1801,72
DA:1802,72
DA:1803,72
DA:1804,72
DA:1805,72
DA:1806,72
DA:1807,72
DA:1808,72
DA:1811,72
DA:1812,72
DA:1813,72
DA:1816,72
LF:824
LH:663
BRDA:137,1,0,5
BRDA:137,1,1,67
BRDA:162,2,0,13
BRDA:162,2,1,54
BRDA:166,3,0,0
BRDA:166,3,1,67
BRDA:167,4,0,7
BRDA:167,4,1,60
BRDA:168,5,0,0
BRDA:168,5,1,67
BRDA:169,6,0,2
BRDA:169,6,1,65
BRDA:172,7,0,0
BRDA:172,7,1,67
BRDA:172,8,0,67
BRDA:172,8,1,0
BRDA:173,9,0,0
BRDA:173,9,1,67
BRDA:173,10,0,67
BRDA:173,10,1,0
BRDA:174,11,0,0
BRDA:174,11,1,67
BRDA:174,12,0,67
BRDA:174,12,1,0
BRDA:177,13,0,0
BRDA:177,13,1,67
BRDA:177,14,0,67
BRDA:177,14,1,0
BRDA:178,15,0,0
BRDA:178,15,1,67
BRDA:178,16,0,67
BRDA:178,16,1,0
BRDA:179,17,0,0
BRDA:179,17,1,67
BRDA:179,18,0,67
BRDA:179,18,1,0
BRDA:182,19,0,0
BRDA:182,19,1,67
BRDA:182,20,0,67
BRDA:182,20,1,0
BRDA:183,21,0,0
BRDA:183,21,1,67
BRDA:183,22,0,67
BRDA:183,22,1,0
BRDA:184,23,0,0
BRDA:184,23,1,67
BRDA:184,24,0,67
BRDA:184,24,1,0
BRDA:197,25,0,5
BRDA:197,25,1,67
BRDA:199,26,0,1
BRDA:199,26,1,4
BRDA:199,27,0,5
BRDA:199,27,1,3
BRDA:203,28,0,1
BRDA:203,28,1,4
BRDA:203,29,0,5
BRDA:203,29,1,3
BRDA:207,30,0,1
BRDA:207,30,1,4
BRDA:207,31,0,5
BRDA:207,31,1,2
BRDA:213,32,0,1
BRDA:213,32,1,4
BRDA:213,33,0,5
BRDA:213,33,1,3
BRDA:213,33,2,2
BRDA:218,34,0,1
BRDA:218,34,1,4
BRDA:218,35,0,5
BRDA:218,35,1,3
BRDA:218,35,2,2
BRDA:218,35,3,1
BRDA:228,36,0,5
BRDA:228,36,1,67
BRDA:250,37,0,151
BRDA:250,37,1,67
BRDA:251,38,0,151
BRDA:251,38,1,67
BRDA:399,39,0,4
BRDA:399,39,1,14
BRDA:412,40,0,2
BRDA:412,40,1,4
BRDA:412,40,2,4
BRDA:412,40,3,4
BRDA:412,40,4,4
BRDA:423,41,0,1
BRDA:423,41,1,17
BRDA:427,42,0,2
BRDA:427,42,1,4
BRDA:427,42,2,4
BRDA:427,42,3,4
BRDA:427,42,4,4
BRDA:432,43,0,1
BRDA:432,43,1,1
BRDA:432,44,0,2
BRDA:432,44,1,1
BRDA:458,45,0,0
BRDA:458,45,1,4
BRDA:471,46,0,3
BRDA:471,46,1,0
BRDA:471,46,2,0
BRDA:471,46,3,1
BRDA:471,46,4,0
BRDA:482,47,0,1
BRDA:482,47,1,3
BRDA:486,48,0,3
BRDA:486,48,1,0
BRDA:486,48,2,0
BRDA:486,48,3,1
BRDA:486,48,4,0
BRDA:491,49,0,3
BRDA:491,49,1,0
BRDA:491,50,0,3
BRDA:491,50,1,3
BRDA:523,51,0,0
BRDA:523,51,1,4
BRDA:531,52,0,0
BRDA:531,52,1,4
BRDA:538,53,0,0
BRDA:538,53,1,4
BRDA:543,54,0,1
BRDA:543,54,1,3
BRDA:551,55,0,0
BRDA:551,55,1,3
BRDA:555,56,0,0
BRDA:555,56,1,3
BRDA:555,57,0,3
BRDA:555,57,1,0
BRDA:556,58,0,0
BRDA:556,58,1,0
BRDA:567,59,0,3
BRDA:567,59,1,0
BRDA:567,59,2,0
BRDA:567,59,3,0
BRDA:567,59,4,0
BRDA:593,60,0,0
BRDA:593,60,1,0
BRDA:599,61,0,0
BRDA:599,61,1,0
BRDA:600,62,0,0
BRDA:600,62,1,0
BRDA:608,63,0,0
BRDA:608,63,1,0
BRDA:622,64,0,0
BRDA:622,64,1,0
BRDA:631,65,0,0
BRDA:631,65,1,0
BRDA:631,66,0,0
BRDA:631,66,1,0
BRDA:636,67,0,0
BRDA:636,67,1,0
BRDA:636,67,2,0
BRDA:636,67,3,0
BRDA:646,68,0,0
BRDA:646,68,1,0
BRDA:646,69,0,0
BRDA:646,69,1,0
BRDA:687,70,0,1
BRDA:687,70,1,66
BRDA:721,71,0,0
BRDA:721,71,1,0
BRDA:721,72,0,0
BRDA:721,72,1,0
BRDA:748,73,0,804
BRDA:748,73,1,9995
BRDA:758,74,0,67
BRDA:758,74,1,10732
BRDA:758,75,0,10799
BRDA:758,75,1,402
BRDA:767,76,0,7516
BRDA:767,76,1,3283
BRDA:788,77,0,0
BRDA:788,77,1,2
BRDA:801,78,0,0
BRDA:801,78,1,0
BRDA:814,79,0,0
BRDA:814,79,1,0
BRDA:868,80,0,77
BRDA:868,80,1,74
BRDA:869,81,0,74
BRDA:869,81,1,77
BRDA:884,82,0,0
BRDA:884,82,1,151
BRDA:893,83,0,3
BRDA:893,83,1,1
BRDA:908,84,0,466
BRDA:908,84,1,55
BRDA:914,85,0,11
BRDA:914,85,1,7
BRDA:914,85,2,14
BRDA:914,85,3,7
BRDA:914,85,4,9
BRDA:914,85,5,7
BRDA:917,86,0,0
BRDA:917,86,1,11
BRDA:917,87,0,11
BRDA:917,87,1,0
BRDA:928,88,0,0
BRDA:928,88,1,14
BRDA:928,89,0,14
BRDA:928,89,1,14
BRDA:931,90,0,0
BRDA:931,90,1,14
BRDA:932,91,0,0
BRDA:932,91,1,0
BRDA:932,92,0,0
BRDA:932,92,1,0
BRDA:935,93,0,0
BRDA:935,93,1,0
BRDA:935,94,0,0
BRDA:935,94,1,0
BRDA:938,95,0,0
BRDA:938,95,1,0
BRDA:938,96,0,0
BRDA:938,96,1,0
BRDA:941,97,0,0
BRDA:941,97,1,0
BRDA:941,98,0,0
BRDA:941,98,1,0
BRDA:958,99,0,4
BRDA:958,99,1,51
BRDA:979,100,0,0
BRDA:979,100,1,85
BRDA:979,101,0,85
BRDA:979,101,1,4
BRDA:979,101,2,1
BRDA:983,102,0,0
BRDA:983,102,1,85
BRDA:983,103,0,85
BRDA:983,103,1,0
BRDA:989,104,0,71
BRDA:989,104,1,14
BRDA:995,105,0,4
BRDA:995,105,1,81
BRDA:995,106,0,85
BRDA:995,106,1,85
BRDA:999,107,0,4
BRDA:999,107,1,0
BRDA:1010,108,0,0
BRDA:1010,108,1,81
BRDA:1010,109,0,81
BRDA:1010,109,1,4
BRDA:1010,109,2,1
BRDA:1014,110,0,3
BRDA:1014,110,1,78
BRDA:1014,111,0,81
BRDA:1014,111,1,77
BRDA:1014,111,2,3
BRDA:1021,112,0,67
BRDA:1021,112,1,14
BRDA:1035,113,0,8
BRDA:1035,113,1,254
BRDA:1035,114,0,262
BRDA:1035,114,1,260
BRDA:1038,115,0,11
BRDA:1038,115,1,243
BRDA:1038,116,0,254
BRDA:1038,116,1,11
BRDA:1045,117,0,0
BRDA:1045,117,1,75
BRDA:1045,118,0,75
BRDA:1045,118,1,0
BRDA:1054,119,0,0
BRDA:1054,119,1,75
BRDA:1054,120,0,75
BRDA:1054,120,1,75
BRDA:1076,121,0,0
BRDA:1076,121,1,136
BRDA:1079,122,0,0
BRDA:1079,122,1,0
BRDA:1095,123,0,2
BRDA:1095,123,1,134
BRDA:1096,124,0,1
BRDA:1096,124,1,1
BRDA:1096,125,0,2
BRDA:1096,125,1,1
BRDA:1100,126,0,1
BRDA:1100,126,1,0
BRDA:1100,127,0,1
BRDA:1100,127,1,1
BRDA:1118,128,0,5
BRDA:1118,128,1,131
BRDA:1119,129,0,5
BRDA:1119,129,1,131
BRDA:1127,130,0,5
BRDA:1127,130,1,131
BRDA:1141,131,0,45
BRDA:1141,131,1,711
BRDA:1141,132,0,756
BRDA:1141,132,1,756
BRDA:1154,133,0,0
BRDA:1154,133,1,74
BRDA:1154,134,0,74
BRDA:1154,134,1,0
BRDA:1163,135,0,0
BRDA:1163,135,1,74
BRDA:1163,136,0,74
BRDA:1163,136,1,74
BRDA:1187,137,0,0
BRDA:1187,137,1,77
BRDA:1187,138,0,77
BRDA:1187,138,1,0
BRDA:1197,139,0,0
BRDA:1197,139,1,77
BRDA:1197,140,0,77
BRDA:1197,140,1,77
BRDA:1223,141,0,0
BRDA:1223,141,1,74
BRDA:1223,142,0,74
BRDA:1223,142,1,0
BRDA:1232,143,0,0
BRDA:1232,143,1,74
BRDA:1232,144,0,74
BRDA:1232,144,1,74
BRDA:1258,145,0,0
BRDA:1258,145,1,0
BRDA:1269,146,0,4
BRDA:1269,146,1,63
BRDA:1269,147,0,67
BRDA:1269,147,1,67
BRDA:1274,148,0,3
BRDA:1274,148,1,64
BRDA:1299,149,0,389
BRDA:1299,149,1,389
BRDA:1301,150,0,1
BRDA:1301,150,1,388
BRDA:1316,151,0,0
BRDA:1316,151,1,388
BRDA:1316,152,0,388
BRDA:1316,152,1,388
BRDA:1339,153,0,0
BRDA:1339,153,1,0
BRDA:1340,154,0,0
BRDA:1340,154,1,0
BRDA:1366,155,0,255
BRDA:1366,155,1,480
BRDA:1366,155,2,888
BRDA:1366,155,3,222
BRDA:1366,155,4,453
BRDA:1366,155,5,675
BRDA:1394,156,0,2562
BRDA:1394,156,1,0
BRDA:1398,157,0,388
BRDA:1398,157,1,0
BRDA:1398,158,0,388
BRDA:1398,158,1,388
BRDA:1413,159,0,0
BRDA:1413,159,1,2160
BRDA:1413,160,0,2160
BRDA:1413,160,1,2160
BRDA:1416,161,0,1944
BRDA:1416,161,1,216
BRDA:1425,162,0,216
BRDA:1425,162,1,0
BRDA:1428,163,0,1944
BRDA:1428,163,1,0
BRDA:1442,164,0,0
BRDA:1442,164,1,120
BRDA:1446,165,0,8
BRDA:1446,165,1,112
BRDA:1459,166,0,0
BRDA:1459,166,1,87
BRDA:1463,167,0,67
BRDA:1463,167,1,20
BRDA:1476,168,0,8
BRDA:1476,168,1,5
BRDA:1533,169,0,0
BRDA:1533,169,1,388
BRDA:1536,170,0,0
BRDA:1536,170,1,388
BRDA:1550,171,0,0
BRDA:1550,171,1,530
BRDA:1551,172,0,162
BRDA:1551,172,1,368
BRDA:1562,173,0,0
BRDA:1562,173,1,530
BRDA:1574,174,0,162
BRDA:1574,174,1,368
BRDA:1581,175,0,191
BRDA:1581,175,1,177
BRDA:1581,176,0,368
BRDA:1581,176,1,368
BRDA:1706,177,0,10
BRDA:1706,177,1,44
BRDA:1707,178,0,10
BRDA:1707,178,1,44
BRDA:1724,179,0,157
BRDA:1724,179,1,113
BRDA:1728,180,0,10
BRDA:1728,180,1,98
BRDA:1729,181,0,6
BRDA:1729,181,1,4
BRDA:1731,182,0,14
BRDA:1731,182,1,84
BRDA:1762,183,0,72
BRDA:1762,183,1,0
BRDA:1762,184,0,72
BRDA:1762,184,1,72
BRF:399
BRH:267
end_of_record
